01/10/2023 04:34:34 PM daemon.py[line:45]INFO - hello
01/10/2023 04:34:34 PM daemon.py[line:46]INFO - /home/ruijunfeng/works/fusion/d2ham/log/ham.log
01/10/2023 04:34:34 PM daemon.py[line:135]INFO - this device is single light certain
01/10/2023 04:34:34 PM rcomm.py[line:72]INFO - ruijunfeng-PC
01/10/2023 04:34:34 PM rcomm.py[line:95]INFO - hello m3
01/10/2023 04:34:34 PM rcomm.py[line:51]INFO - found FTDI device:/dev/serial/by-id/usb-FTDI_FT230X_Basic_UART_DK0B1WFE-if00-port0
01/10/2023 04:34:34 PM rcomm.py[line:135]DEBUG - dev: Y opened
01/10/2023 04:34:34 PM rcomm.py[line:139]ERROR - failed to open device: GRAVITY as [Errno 2] could not open port /dev/serial/by-id/usb-FTDI_FT230X_Basic_UART_DK0B1FIK-if00-port0: [Errno 2] No such file or directory: '/dev/serial/by-id/usb-FTDI_FT230X_Basic_UART_DK0B1FIK-if00-port0'
01/10/2023 04:34:34 PM rcomm.py[line:139]ERROR - failed to open device: SPRIN as [Errno 2] could not open port /dev/serial/by-id/usb-fusionRobotics_D1_b0001-if01-port0: [Errno 2] No such file or directory: '/dev/serial/by-id/usb-fusionRobotics_D1_b0001-if01-port0'
01/10/2023 04:34:34 PM rcomm.py[line:139]ERROR - failed to open device: DROP as [Errno 2] could not open port /dev/serial/by-id/usb-fusionRobotics_D1_b0001-if02-port0: [Errno 2] No such file or directory: '/dev/serial/by-id/usb-fusionRobotics_D1_b0001-if02-port0'
01/10/2023 04:34:34 PM rcomm.py[line:139]ERROR - failed to open device: AC as [Errno 2] could not open port /dev/serial/by-id/usb-fusionRobotics_D1_b0001-if03-port0: [Errno 2] No such file or directory: '/dev/serial/by-id/usb-fusionRobotics_D1_b0001-if03-port0'
01/10/2023 04:34:34 PM rcomm.py[line:139]ERROR - failed to open device: DROP1 as [Errno 2] could not open port /dev/serial/by-id/usb-fusionRobotics_D2_b0001-if00-port0: [Errno 2] No such file or directory: '/dev/serial/by-id/usb-fusionRobotics_D2_b0001-if00-port0'
01/10/2023 04:34:34 PM rcomm.py[line:139]ERROR - failed to open device: DROP2 as [Errno 2] could not open port /dev/serial/by-id/usb-fusionRobotics_D2_b0001-if01-port0: [Errno 2] No such file or directory: '/dev/serial/by-id/usb-fusionRobotics_D2_b0001-if01-port0'
01/10/2023 04:34:34 PM rcomm.py[line:139]ERROR - failed to open device: AC1 as [Errno 2] could not open port /dev/serial/by-id/usb-fusionRobotics_D2_b0001-if02-port0: [Errno 2] No such file or directory: '/dev/serial/by-id/usb-fusionRobotics_D2_b0001-if02-port0'
01/10/2023 04:34:34 PM rcomm.py[line:139]ERROR - failed to open device: AC2 as [Errno 2] could not open port /dev/serial/by-id/usb-fusionRobotics_D2_b0001-if03-port0: [Errno 2] No such file or directory: '/dev/serial/by-id/usb-fusionRobotics_D2_b0001-if03-port0'
01/10/2023 04:34:34 PM rcomm.py[line:233]DEBUG - flush Y
01/10/2023 04:34:34 PM checkcom.py[line:57]INFO - hello checkcom
01/10/2023 04:34:52 PM daemon.py[line:156]INFO - gui msg: {'req': {'cabinet': '2', 'slots': [{'stop_delay': 10, 'slot_no': '401'}], 'device': 'y', 'command': 'sync_belt_push'}}
01/10/2023 04:34:52 PM daemon.py[line:1766]INFO - [0, 0, 0, 0, 16, 0]
01/10/2023 04:34:52 PM daemon.py[line:1783]INFO - cmd -> b'B,PUSH,37|10,00_10_00_00_00_00,t\xd3\xfa`'
01/10/2023 04:34:52 PM rcomm.py[line:233]DEBUG - flush Y
01/10/2023 04:34:53 PM rcomm.py[line:164]INFO - read: Y
01/10/2023 04:34:53 PM rcomm.py[line:168]INFO - data -> b'B,push,timeout,%,\x00r'
01/10/2023 04:34:53 PM daemon.py[line:1787]INFO - r--->b'B,push,timeout,%,\x00r'
01/10/2023 04:34:53 PM daemon.py[line:1795]INFO - list-->[b'B', b'push', b'timeout', b'%', b'\x00r']
01/10/2023 04:34:53 PM daemon.py[line:1809]INFO - motor run err num [401]
01/10/2023 04:34:53 PM daemon.py[line:176]DEBUG - send_json -> {'rep': {'device': 'y', 'result': 'error', 'meta': [401]}}
01/10/2023 04:35:00 PM daemon.py[line:156]INFO - gui msg: {'req': {'cabinet': '2', 'slots': [{'stop_delay': 10, 'slot_no': '402'}], 'device': 'y', 'command': 'sync_belt_push'}}
01/10/2023 04:35:00 PM daemon.py[line:1766]INFO - [0, 0, 0, 0, 32, 0]
01/10/2023 04:35:00 PM daemon.py[line:1783]INFO - cmd -> b'B,PUSH,38|10,00_20_00_00_00_00,(\xbc}\x18'
01/10/2023 04:35:00 PM rcomm.py[line:233]DEBUG - flush Y
01/10/2023 04:35:01 PM rcomm.py[line:164]INFO - read: Y
01/10/2023 04:35:01 PM rcomm.py[line:168]INFO - data -> b'B,push,timeout,&,\xd3-'
01/10/2023 04:35:01 PM daemon.py[line:1787]INFO - r--->b'B,push,timeout,&,\xd3-'
01/10/2023 04:35:01 PM daemon.py[line:1795]INFO - list-->[b'B', b'push', b'timeout', b'&', b'\xd3-']
01/10/2023 04:35:01 PM daemon.py[line:1809]INFO - motor run err num [402]
01/10/2023 04:35:01 PM daemon.py[line:176]DEBUG - send_json -> {'rep': {'device': 'y', 'result': 'error', 'meta': [402]}}
01/10/2023 04:39:05 PM daemon.py[line:156]INFO - gui msg: {'req': {'cabinet': '2', 'slots': [{'stop_delay': 10, 'slot_no': '401'}], 'device': 'y', 'command': 'sync_belt_push'}}
01/10/2023 04:39:05 PM daemon.py[line:1766]INFO - [0, 0, 0, 0, 16, 0]
01/10/2023 04:39:05 PM daemon.py[line:1783]INFO - cmd -> b'B,PUSH,37|10,00_10_00_00_00_00,t\xd3\xfa`'
01/10/2023 04:39:05 PM rcomm.py[line:233]DEBUG - flush Y
01/10/2023 04:39:06 PM rcomm.py[line:164]INFO - read: Y
01/10/2023 04:39:06 PM rcomm.py[line:168]INFO - data -> b'B,push,timeout,%,\x00r'
01/10/2023 04:39:06 PM daemon.py[line:1787]INFO - r--->b'B,push,timeout,%,\x00r'
01/10/2023 04:39:06 PM daemon.py[line:1795]INFO - list-->[b'B', b'push', b'timeout', b'%', b'\x00r']
01/10/2023 04:39:06 PM daemon.py[line:1809]INFO - motor run err num [401]
01/10/2023 04:39:06 PM daemon.py[line:176]DEBUG - send_json -> {'rep': {'device': 'y', 'result': 'error', 'meta': [401]}}
01/10/2023 04:39:10 PM daemon.py[line:156]INFO - gui msg: {'req': {'cabinet': '2', 'slots': [{'stop_delay': 10, 'slot_no': '401'}], 'device': 'y', 'command': 'sync_belt_push'}}
01/10/2023 04:39:10 PM daemon.py[line:1766]INFO - [0, 0, 0, 0, 16, 0]
01/10/2023 04:39:10 PM daemon.py[line:1783]INFO - cmd -> b'B,PUSH,37|10,00_10_00_00_00_00,t\xd3\xfa`'
01/10/2023 04:39:10 PM rcomm.py[line:233]DEBUG - flush Y
01/10/2023 04:39:11 PM rcomm.py[line:164]INFO - read: Y
01/10/2023 04:39:11 PM rcomm.py[line:168]INFO - data -> b'B,push,timeout,%,\x00r'
01/10/2023 04:39:11 PM daemon.py[line:1787]INFO - r--->b'B,push,timeout,%,\x00r'
01/10/2023 04:39:11 PM daemon.py[line:1795]INFO - list-->[b'B', b'push', b'timeout', b'%', b'\x00r']
01/10/2023 04:39:11 PM daemon.py[line:1809]INFO - motor run err num [401]
01/10/2023 04:39:11 PM daemon.py[line:176]DEBUG - send_json -> {'rep': {'device': 'y', 'result': 'error', 'meta': [401]}}
01/10/2023 04:39:20 PM daemon.py[line:156]INFO - gui msg: {'req': {'cabinet': '2', 'slots': [{'stop_delay': 10, 'slot_no': '401'}], 'device': 'y', 'command': 'sync_belt_push'}}
01/10/2023 04:39:20 PM daemon.py[line:1766]INFO - [0, 0, 0, 0, 16, 0]
01/10/2023 04:39:20 PM daemon.py[line:1783]INFO - cmd -> b'B,PUSH,37|10,00_10_00_00_00_00,t\xd3\xfa`'
01/10/2023 04:39:20 PM rcomm.py[line:233]DEBUG - flush Y
01/10/2023 04:39:21 PM rcomm.py[line:164]INFO - read: Y
01/10/2023 04:39:21 PM rcomm.py[line:168]INFO - data -> b'B,push,timeout,%,\x00r'
01/10/2023 04:39:21 PM daemon.py[line:1787]INFO - r--->b'B,push,timeout,%,\x00r'
01/10/2023 04:39:21 PM daemon.py[line:1795]INFO - list-->[b'B', b'push', b'timeout', b'%', b'\x00r']
01/10/2023 04:39:21 PM daemon.py[line:1809]INFO - motor run err num [401]
01/10/2023 04:39:21 PM daemon.py[line:176]DEBUG - send_json -> {'rep': {'device': 'y', 'result': 'error', 'meta': [401]}}
01/10/2023 04:39:31 PM daemon.py[line:156]INFO - gui msg: {'req': {'cabinet': '2', 'slots': [{'stop_delay': 10, 'slot_no': '401'}], 'device': 'y', 'command': 'sync_belt_push'}}
01/10/2023 04:39:31 PM daemon.py[line:1766]INFO - [0, 0, 0, 0, 16, 0]
01/10/2023 04:39:31 PM daemon.py[line:1783]INFO - cmd -> b'B,PUSH,37|10,00_10_00_00_00_00,t\xd3\xfa`'
01/10/2023 04:39:31 PM rcomm.py[line:233]DEBUG - flush Y
01/10/2023 04:39:32 PM rcomm.py[line:164]INFO - read: Y
01/10/2023 04:39:32 PM rcomm.py[line:168]INFO - data -> b'B,push,timeout,%,\x00r'
01/10/2023 04:39:32 PM daemon.py[line:1787]INFO - r--->b'B,push,timeout,%,\x00r'
01/10/2023 04:39:32 PM daemon.py[line:1795]INFO - list-->[b'B', b'push', b'timeout', b'%', b'\x00r']
01/10/2023 04:39:32 PM daemon.py[line:1809]INFO - motor run err num [401]
01/10/2023 04:39:32 PM daemon.py[line:176]DEBUG - send_json -> {'rep': {'device': 'y', 'result': 'error', 'meta': [401]}}
01/10/2023 04:40:17 PM daemon.py[line:156]INFO - gui msg: {'req': {'cabinet': '2', 'slots': [{'stop_delay': 10, 'slot_no': '401'}], 'device': 'y', 'command': 'sync_belt_push'}}
01/10/2023 04:40:17 PM daemon.py[line:1766]INFO - [0, 0, 0, 0, 16, 0]
01/10/2023 04:40:17 PM daemon.py[line:1783]INFO - cmd -> b'B,PUSH,37|10,00_10_00_00_00_00,t\xd3\xfa`'
01/10/2023 04:40:17 PM rcomm.py[line:233]DEBUG - flush Y
01/10/2023 04:40:18 PM rcomm.py[line:164]INFO - read: Y
01/10/2023 04:40:18 PM rcomm.py[line:168]INFO - data -> b'B,push,timeout,%,\x00r'
01/10/2023 04:40:18 PM daemon.py[line:1787]INFO - r--->b'B,push,timeout,%,\x00r'
01/10/2023 04:40:18 PM daemon.py[line:1795]INFO - list-->[b'B', b'push', b'timeout', b'%', b'\x00r']
01/10/2023 04:40:18 PM daemon.py[line:1809]INFO - motor run err num [401]
01/10/2023 04:40:18 PM daemon.py[line:176]DEBUG - send_json -> {'rep': {'device': 'y', 'result': 'error', 'meta': [401]}}
01/10/2023 04:40:24 PM daemon.py[line:156]INFO - gui msg: {'req': {'cabinet': '2', 'slots': [{'stop_delay': 10, 'slot_no': '402'}], 'device': 'y', 'command': 'sync_belt_push'}}
01/10/2023 04:40:24 PM daemon.py[line:1766]INFO - [0, 0, 0, 0, 32, 0]
01/10/2023 04:40:24 PM daemon.py[line:1783]INFO - cmd -> b'B,PUSH,38|10,00_20_00_00_00_00,(\xbc}\x18'
01/10/2023 04:40:24 PM rcomm.py[line:233]DEBUG - flush Y
01/10/2023 04:40:25 PM rcomm.py[line:164]INFO - read: Y
01/10/2023 04:40:25 PM rcomm.py[line:168]INFO - data -> b'B,push,timeout,&,\xd3-'
01/10/2023 04:40:25 PM daemon.py[line:1787]INFO - r--->b'B,push,timeout,&,\xd3-'
01/10/2023 04:40:25 PM daemon.py[line:1795]INFO - list-->[b'B', b'push', b'timeout', b'&', b'\xd3-']
01/10/2023 04:40:25 PM daemon.py[line:1809]INFO - motor run err num [402]
01/10/2023 04:40:25 PM daemon.py[line:176]DEBUG - send_json -> {'rep': {'device': 'y', 'result': 'error', 'meta': [402]}}
01/10/2023 04:40:33 PM daemon.py[line:156]INFO - gui msg: {'req': {'cabinet': '2', 'slots': [{'stop_delay': 10, 'slot_no': '403'}], 'device': 'y', 'command': 'sync_belt_push'}}
01/10/2023 04:40:33 PM daemon.py[line:1766]INFO - [0, 0, 0, 0, 64, 0]
01/10/2023 04:40:33 PM daemon.py[line:1783]INFO - cmd -> b'B,PUSH,39|10,00_40_00_00_00_00,\xfe;\xba\x87'
01/10/2023 04:40:33 PM rcomm.py[line:233]DEBUG - flush Y
01/10/2023 04:40:34 PM rcomm.py[line:164]INFO - read: Y
01/10/2023 04:40:34 PM rcomm.py[line:168]INFO - data -> b"B,push,timeout,',\x0f\xec"
01/10/2023 04:40:34 PM daemon.py[line:1787]INFO - r--->b"B,push,timeout,',\x0f\xec"
01/10/2023 04:40:34 PM daemon.py[line:1795]INFO - list-->[b'B', b'push', b'timeout', b"'", b'\x0f\xec']
01/10/2023 04:40:34 PM daemon.py[line:1809]INFO - motor run err num [403]
01/10/2023 04:40:34 PM daemon.py[line:176]DEBUG - send_json -> {'rep': {'device': 'y', 'result': 'error', 'meta': [403]}}
01/10/2023 04:41:08 PM daemon.py[line:156]INFO - gui msg: {'req': {'cabinet': '2', 'slots': [{'stop_delay': 10, 'slot_no': '405'}], 'device': 'y', 'command': 'sync_belt_push'}}
01/10/2023 04:41:08 PM daemon.py[line:1766]INFO - [0, 0, 0, 0, 0, 1]
01/10/2023 04:41:08 PM daemon.py[line:1783]INFO - cmd -> b'B,PUSH,41|10,01_00_00_00_00_00,\x18\x8em\xcd'
01/10/2023 04:41:08 PM rcomm.py[line:233]DEBUG - flush Y
01/10/2023 04:41:09 PM rcomm.py[line:164]INFO - read: Y
01/10/2023 04:41:09 PM rcomm.py[line:168]INFO - data -> b'B,push,timeout,),\xfb\x10'
01/10/2023 04:41:09 PM daemon.py[line:1787]INFO - r--->b'B,push,timeout,),\xfb\x10'
01/10/2023 04:41:09 PM daemon.py[line:1795]INFO - list-->[b'B', b'push', b'timeout', b')', b'\xfb\x10']
01/10/2023 04:41:09 PM daemon.py[line:1809]INFO - motor run err num [405]
01/10/2023 04:41:09 PM daemon.py[line:176]DEBUG - send_json -> {'rep': {'device': 'y', 'result': 'error', 'meta': [405]}}
01/10/2023 04:41:18 PM daemon.py[line:156]INFO - gui msg: {'req': {'cabinet': '2', 'slots': [{'stop_delay': 10, 'slot_no': '406'}], 'device': 'y', 'command': 'sync_belt_push'}}
01/10/2023 04:41:18 PM daemon.py[line:1766]INFO - [0, 0, 0, 0, 0, 2]
01/10/2023 04:41:18 PM daemon.py[line:1783]INFO - cmd -> b'B,PUSH,42|10,02_00_00_00_00_00,\xbdZO\x97'
01/10/2023 04:41:18 PM rcomm.py[line:233]DEBUG - flush Y
01/10/2023 04:41:19 PM rcomm.py[line:164]INFO - read: Y
01/10/2023 04:41:19 PM rcomm.py[line:168]INFO - data -> b'B,push,timeout,*,(O'
01/10/2023 04:41:19 PM daemon.py[line:1787]INFO - r--->b'B,push,timeout,*,(O'
01/10/2023 04:41:19 PM daemon.py[line:1795]INFO - list-->[b'B', b'push', b'timeout', b'*', b'(O']
01/10/2023 04:41:19 PM daemon.py[line:1809]INFO - motor run err num [406]
01/10/2023 04:41:19 PM daemon.py[line:176]DEBUG - send_json -> {'rep': {'device': 'y', 'result': 'error', 'meta': [406]}}
01/10/2023 04:41:24 PM daemon.py[line:156]INFO - gui msg: {'req': {'cabinet': '2', 'slots': [{'stop_delay': 10, 'slot_no': '406'}], 'device': 'y', 'command': 'sync_belt_push'}}
01/10/2023 04:41:24 PM daemon.py[line:1766]INFO - [0, 0, 0, 0, 0, 2]
01/10/2023 04:41:24 PM daemon.py[line:1783]INFO - cmd -> b'B,PUSH,42|10,02_00_00_00_00_00,\xbdZO\x97'
01/10/2023 04:41:24 PM rcomm.py[line:233]DEBUG - flush Y
01/10/2023 04:41:25 PM rcomm.py[line:164]INFO - read: Y
01/10/2023 04:41:25 PM rcomm.py[line:168]INFO - data -> b'B,push,timeout,*,(O'
01/10/2023 04:41:25 PM daemon.py[line:1787]INFO - r--->b'B,push,timeout,*,(O'
01/10/2023 04:41:25 PM daemon.py[line:1795]INFO - list-->[b'B', b'push', b'timeout', b'*', b'(O']
01/10/2023 04:41:25 PM daemon.py[line:1809]INFO - motor run err num [406]
01/10/2023 04:41:25 PM daemon.py[line:176]DEBUG - send_json -> {'rep': {'device': 'y', 'result': 'error', 'meta': [406]}}
01/10/2023 04:41:37 PM rcomm.py[line:164]INFO - read: Y
01/10/2023 04:41:37 PM rcomm.py[line:168]INFO - data -> b'\x00'
01/10/2023 04:44:34 PM serv.py[line:47]INFO - serv heatbeat
01/10/2023 04:54:34 PM serv.py[line:47]INFO - serv heatbeat
01/10/2023 05:04:34 PM serv.py[line:47]INFO - serv heatbeat
01/10/2023 05:11:48 PM rcomm.py[line:164]INFO - read: Y
01/10/2023 05:11:48 PM rcomm.py[line:168]INFO - data -> b'\xfd\xff'
01/10/2023 05:12:45 PM rcomm.py[line:164]INFO - read: Y
01/10/2023 05:12:45 PM rcomm.py[line:168]INFO - data -> b'\x00\x00'
01/10/2023 05:12:45 PM rcomm.py[line:164]INFO - read: Y
01/10/2023 05:12:45 PM rcomm.py[line:168]INFO - data -> b'\x00'
01/10/2023 05:12:58 PM rcomm.py[line:164]INFO - read: Y
01/10/2023 05:12:59 PM rcomm.py[line:168]INFO - data -> b'\x00'
01/10/2023 05:12:59 PM rcomm.py[line:164]INFO - read: Y
01/10/2023 05:12:59 PM rcomm.py[line:168]INFO - data -> b'\x00'
01/10/2023 05:13:42 PM daemon.py[line:156]INFO - gui msg: {'req': {'cabinet': '2', 'slots': [{'stop_delay': 10, 'slot_no': '406'}], 'device': 'y', 'command': 'sync_belt_push'}}
01/10/2023 05:13:42 PM daemon.py[line:1766]INFO - [0, 0, 0, 0, 0, 2]
01/10/2023 05:13:42 PM daemon.py[line:1783]INFO - cmd -> b'B,PUSH,42|10,02_00_00_00_00_00,\xbdZO\x97'
01/10/2023 05:13:42 PM rcomm.py[line:233]DEBUG - flush Y
01/10/2023 05:13:42 PM rcomm.py[line:164]INFO - read: Y
01/10/2023 05:13:42 PM rcomm.py[line:168]INFO - data -> b'\x00'
01/10/2023 05:13:42 PM daemon.py[line:1787]INFO - r--->b'\x00'
01/10/2023 05:13:42 PM daemon.py[line:1795]INFO - list-->[b'\x00']
01/10/2023 05:13:42 PM daemon.py[line:176]DEBUG - send_json -> {'rep': {'device': 'y', 'result': 'error'}}
01/10/2023 05:13:43 PM rcomm.py[line:164]INFO - read: Y
01/10/2023 05:13:43 PM rcomm.py[line:168]INFO - data -> b'(K\\].ZK\xbaZ[Y\xab\x17\x17I\x89\t\xe9\n\x00'
01/10/2023 05:13:44 PM daemon.py[line:156]INFO - gui msg: {'req': {'cabinet': '2', 'slots': [{'stop_delay': 10, 'slot_no': '406'}], 'device': 'y', 'command': 'sync_belt_push'}}
01/10/2023 05:13:44 PM daemon.py[line:1766]INFO - [0, 0, 0, 0, 0, 2]
01/10/2023 05:13:44 PM daemon.py[line:1783]INFO - cmd -> b'B,PUSH,42|10,02_00_00_00_00_00,\xbdZO\x97'
01/10/2023 05:13:44 PM rcomm.py[line:233]DEBUG - flush Y
01/10/2023 05:13:44 PM rcomm.py[line:164]INFO - read: Y
01/10/2023 05:13:44 PM rcomm.py[line:168]INFO - data -> b'\x00'
01/10/2023 05:13:44 PM daemon.py[line:1787]INFO - r--->b'\x00'
01/10/2023 05:13:44 PM daemon.py[line:1795]INFO - list-->[b'\x00']
01/10/2023 05:13:44 PM daemon.py[line:176]DEBUG - send_json -> {'rep': {'device': 'y', 'result': 'error'}}
01/10/2023 05:13:45 PM rcomm.py[line:164]INFO - read: Y
01/10/2023 05:13:45 PM rcomm.py[line:168]INFO - data -> b'(K\\].ZK\xbaZ[Y\xab\x17\x17I\x89\t\xe9\n\x00'
01/10/2023 05:13:58 PM rcomm.py[line:164]INFO - read: Y
01/10/2023 05:13:58 PM rcomm.py[line:168]INFO - data -> b'\x00\x00\x00\x00\x08\x00\x00\x00\x00\x00\x00\x02\x00P\x00\x00\x00\x00\x02\x00\x00B\x00\x00\x08\x00\x00\x08\x00\x00\x08\n\x00\x08\x08\x00\x02\x02\x00\x00B`\x00\x00\x00\x00(\x00\x00\x02D\x03\x00\x10TU\xa8\x01\x00\x00\x02\xb5\xb5\x00@H\xb1\xeb\x00\x00\x12\xf4lik\x01\x00\x00\xc2\x7f\x00\x02\x08\xe7\x00\x00H\xdf\x00\x80d\x00\x08 \x00@\xbd\x00\x00A}\xff\x00@\x91\xdb\x00\x00(e\xeb\xef\x01\x00\x00 \x9f\x00\x02\x02\xfc\x00\x02 \xfc\x00\x08\n\x08Z\xea\xef\x00\x00\x01L\xaa\xed\xf5\x00\x80\xa4i\xfb\x00@K}\xbd\x00\x08|\x00\x02\x02\xfb\x00\x00\xa8\xcd\x00\x00 \xda'
01/10/2023 05:13:58 PM rcomm.py[line:164]INFO - read: Y
01/10/2023 05:13:58 PM rcomm.py[line:168]INFO - data -> b'\x00@\xcc\x00\x00\n\xfb\x00\x00P\xd5\xff\x00\x00T];\x00Bh\x00P\xf5\xfe\x00\x00\x10]\x00\x00@ .\xbf\xbf\x00 T!\xf5 \x00 \xff\x00\x04(\xef\xb1\xef(\xf8'
01/10/2023 05:13:58 PM rcomm.py[line:164]INFO - read: Y
01/10/2023 05:13:58 PM rcomm.py[line:168]INFO - data -> b'\x85\xfb \xec|'
01/10/2023 05:13:58 PM rcomm.py[line:164]INFO - read: Y
01/10/2023 05:13:58 PM rcomm.py[line:168]INFO - data -> b'\x7f\xafw\x7f'
01/10/2023 05:14:34 PM serv.py[line:47]INFO - serv heatbeat
01/10/2023 05:19:15 PM daemon.py[line:156]INFO - gui msg: {'req': {'cabinet': '2', 'slots': [{'stop_delay': 10, 'slot_no': '406'}], 'device': 'y', 'command': 'sync_belt_push'}}
01/10/2023 05:19:15 PM daemon.py[line:1766]INFO - [0, 0, 0, 0, 0, 2]
01/10/2023 05:19:15 PM daemon.py[line:1783]INFO - cmd -> b'B,PUSH,42|10,02_00_00_00_00_00,\xbdZO\x97'
01/10/2023 05:19:15 PM rcomm.py[line:233]DEBUG - flush Y
01/10/2023 05:19:16 PM rcomm.py[line:164]INFO - read: Y
01/10/2023 05:19:16 PM rcomm.py[line:168]INFO - data -> b'B,push,timeout,*,(O'
01/10/2023 05:19:16 PM daemon.py[line:1787]INFO - r--->b'B,push,timeout,*,(O'
01/10/2023 05:19:16 PM daemon.py[line:1795]INFO - list-->[b'B', b'push', b'timeout', b'*', b'(O']
01/10/2023 05:19:16 PM daemon.py[line:1809]INFO - motor run err num [406]
01/10/2023 05:19:16 PM daemon.py[line:176]DEBUG - send_json -> {'rep': {'device': 'y', 'result': 'error', 'meta': [406]}}
01/10/2023 05:20:22 PM daemon.py[line:156]INFO - gui msg: {'req': {'cabinet': '2', 'slots': [{'stop_delay': 10, 'slot_no': '401'}], 'device': 'y', 'command': 'sync_belt_push'}}
01/10/2023 05:20:22 PM daemon.py[line:1766]INFO - [0, 0, 0, 0, 16, 0]
01/10/2023 05:20:22 PM daemon.py[line:1783]INFO - cmd -> b'B,PUSH,37|10,00_10_00_00_00_00,t\xd3\xfa`'
01/10/2023 05:20:22 PM rcomm.py[line:233]DEBUG - flush Y
01/10/2023 05:20:23 PM rcomm.py[line:164]INFO - read: Y
01/10/2023 05:20:23 PM rcomm.py[line:168]INFO - data -> b'B,push,timeout,%,\x00r'
01/10/2023 05:20:23 PM daemon.py[line:1787]INFO - r--->b'B,push,timeout,%,\x00r'
01/10/2023 05:20:23 PM daemon.py[line:1795]INFO - list-->[b'B', b'push', b'timeout', b'%', b'\x00r']
01/10/2023 05:20:23 PM daemon.py[line:1809]INFO - motor run err num [401]
01/10/2023 05:20:23 PM daemon.py[line:176]DEBUG - send_json -> {'rep': {'device': 'y', 'result': 'error', 'meta': [401]}}
01/10/2023 05:20:34 PM daemon.py[line:156]INFO - gui msg: {'req': {'cabinet': '2', 'slots': [{'stop_delay': 10, 'slot_no': '405'}], 'device': 'y', 'command': 'sync_belt_push'}}
01/10/2023 05:20:34 PM daemon.py[line:1766]INFO - [0, 0, 0, 0, 0, 1]
01/10/2023 05:20:34 PM daemon.py[line:1783]INFO - cmd -> b'B,PUSH,41|10,01_00_00_00_00_00,\x18\x8em\xcd'
01/10/2023 05:20:34 PM rcomm.py[line:233]DEBUG - flush Y
01/10/2023 05:20:35 PM rcomm.py[line:164]INFO - read: Y
01/10/2023 05:20:35 PM rcomm.py[line:168]INFO - data -> b'B,push,timeout,),\xfb\x10'
01/10/2023 05:20:35 PM daemon.py[line:1787]INFO - r--->b'B,push,timeout,),\xfb\x10'
01/10/2023 05:20:35 PM daemon.py[line:1795]INFO - list-->[b'B', b'push', b'timeout', b')', b'\xfb\x10']
01/10/2023 05:20:35 PM daemon.py[line:1809]INFO - motor run err num [405]
01/10/2023 05:20:35 PM daemon.py[line:176]DEBUG - send_json -> {'rep': {'device': 'y', 'result': 'error', 'meta': [405]}}
01/10/2023 05:21:00 PM daemon.py[line:156]INFO - gui msg: {'req': {'cabinet': '2', 'slots': [{'stop_delay': 10, 'slot_no': '401'}], 'device': 'y', 'command': 'sync_belt_push'}}
01/10/2023 05:21:00 PM daemon.py[line:1766]INFO - [0, 0, 0, 0, 16, 0]
01/10/2023 05:21:00 PM daemon.py[line:1783]INFO - cmd -> b'B,PUSH,37|10,00_10_00_00_00_00,t\xd3\xfa`'
01/10/2023 05:21:00 PM rcomm.py[line:233]DEBUG - flush Y
01/10/2023 05:21:01 PM rcomm.py[line:164]INFO - read: Y
01/10/2023 05:21:01 PM rcomm.py[line:168]INFO - data -> b'B,push,timeout,%,\x00r'
01/10/2023 05:21:01 PM daemon.py[line:1787]INFO - r--->b'B,push,timeout,%,\x00r'
01/10/2023 05:21:01 PM daemon.py[line:1795]INFO - list-->[b'B', b'push', b'timeout', b'%', b'\x00r']
01/10/2023 05:21:01 PM daemon.py[line:1809]INFO - motor run err num [401]
01/10/2023 05:21:01 PM daemon.py[line:176]DEBUG - send_json -> {'rep': {'device': 'y', 'result': 'error', 'meta': [401]}}
01/10/2023 05:21:09 PM daemon.py[line:156]INFO - gui msg: {'req': {'cabinet': '2', 'slots': [{'stop_delay': 10, 'slot_no': '405'}], 'device': 'y', 'command': 'sync_belt_push'}}
01/10/2023 05:21:09 PM daemon.py[line:1766]INFO - [0, 0, 0, 0, 0, 1]
01/10/2023 05:21:09 PM daemon.py[line:1783]INFO - cmd -> b'B,PUSH,41|10,01_00_00_00_00_00,\x18\x8em\xcd'
01/10/2023 05:21:09 PM rcomm.py[line:233]DEBUG - flush Y
01/10/2023 05:21:10 PM rcomm.py[line:164]INFO - read: Y
01/10/2023 05:21:10 PM rcomm.py[line:168]INFO - data -> b'B,push,timeout,),\xfb\x10'
01/10/2023 05:21:10 PM daemon.py[line:1787]INFO - r--->b'B,push,timeout,),\xfb\x10'
01/10/2023 05:21:10 PM daemon.py[line:1795]INFO - list-->[b'B', b'push', b'timeout', b')', b'\xfb\x10']
01/10/2023 05:21:10 PM daemon.py[line:1809]INFO - motor run err num [405]
01/10/2023 05:21:10 PM daemon.py[line:176]DEBUG - send_json -> {'rep': {'device': 'y', 'result': 'error', 'meta': [405]}}
01/10/2023 05:21:11 PM daemon.py[line:156]INFO - gui msg: {'req': {'cabinet': '2', 'slots': [{'stop_delay': 10, 'slot_no': '405'}], 'device': 'y', 'command': 'sync_belt_push'}}
01/10/2023 05:21:11 PM daemon.py[line:1766]INFO - [0, 0, 0, 0, 0, 1]
01/10/2023 05:21:11 PM daemon.py[line:1783]INFO - cmd -> b'B,PUSH,41|10,01_00_00_00_00_00,\x18\x8em\xcd'
01/10/2023 05:21:11 PM rcomm.py[line:233]DEBUG - flush Y
01/10/2023 05:21:12 PM rcomm.py[line:164]INFO - read: Y
01/10/2023 05:21:13 PM rcomm.py[line:168]INFO - data -> b'B,push,timeout,),\xfb\x10'
01/10/2023 05:21:13 PM daemon.py[line:1787]INFO - r--->b'B,push,timeout,),\xfb\x10'
01/10/2023 05:21:13 PM daemon.py[line:1795]INFO - list-->[b'B', b'push', b'timeout', b')', b'\xfb\x10']
01/10/2023 05:21:13 PM daemon.py[line:1809]INFO - motor run err num [405]
01/10/2023 05:21:13 PM daemon.py[line:176]DEBUG - send_json -> {'rep': {'device': 'y', 'result': 'error', 'meta': [405]}}
01/10/2023 05:21:27 PM daemon.py[line:156]INFO - gui msg: {'req': {'cabinet': '2', 'slots': [{'stop_delay': 10, 'slot_no': '405'}], 'device': 'y', 'command': 'sync_belt_push'}}
01/10/2023 05:21:27 PM daemon.py[line:1766]INFO - [0, 0, 0, 0, 0, 1]
01/10/2023 05:21:27 PM daemon.py[line:1783]INFO - cmd -> b'B,PUSH,41|10,01_00_00_00_00_00,\x18\x8em\xcd'
01/10/2023 05:21:27 PM rcomm.py[line:233]DEBUG - flush Y
01/10/2023 05:21:28 PM rcomm.py[line:164]INFO - read: Y
01/10/2023 05:21:28 PM rcomm.py[line:168]INFO - data -> b'B,push,timeout,),\xfb\x10'
01/10/2023 05:21:28 PM daemon.py[line:1787]INFO - r--->b'B,push,timeout,),\xfb\x10'
01/10/2023 05:21:28 PM daemon.py[line:1795]INFO - list-->[b'B', b'push', b'timeout', b')', b'\xfb\x10']
01/10/2023 05:21:28 PM daemon.py[line:1809]INFO - motor run err num [405]
01/10/2023 05:21:28 PM daemon.py[line:176]DEBUG - send_json -> {'rep': {'device': 'y', 'result': 'error', 'meta': [405]}}
01/10/2023 05:21:29 PM daemon.py[line:156]INFO - gui msg: {'req': {'cabinet': '2', 'slots': [{'stop_delay': 10, 'slot_no': '405'}], 'device': 'y', 'command': 'sync_belt_push'}}
01/10/2023 05:21:29 PM daemon.py[line:1766]INFO - [0, 0, 0, 0, 0, 1]
01/10/2023 05:21:29 PM daemon.py[line:1783]INFO - cmd -> b'B,PUSH,41|10,01_00_00_00_00_00,\x18\x8em\xcd'
01/10/2023 05:21:29 PM rcomm.py[line:233]DEBUG - flush Y
01/10/2023 05:21:30 PM rcomm.py[line:164]INFO - read: Y
01/10/2023 05:21:30 PM rcomm.py[line:168]INFO - data -> b'B,push,timeout,),\xfb\x10'
01/10/2023 05:21:30 PM daemon.py[line:1787]INFO - r--->b'B,push,timeout,),\xfb\x10'
01/10/2023 05:21:30 PM daemon.py[line:1795]INFO - list-->[b'B', b'push', b'timeout', b')', b'\xfb\x10']
01/10/2023 05:21:30 PM daemon.py[line:1809]INFO - motor run err num [405]
01/10/2023 05:21:30 PM daemon.py[line:176]DEBUG - send_json -> {'rep': {'device': 'y', 'result': 'error', 'meta': [405]}}
01/10/2023 05:24:34 PM serv.py[line:47]INFO - serv heatbeat
01/10/2023 05:34:34 PM serv.py[line:47]INFO - serv heatbeat
01/10/2023 05:40:16 PM daemon.py[line:156]INFO - gui msg: {'req': {'cabinet': '2', 'slots': [{'stop_delay': 10, 'slot_no': '405'}], 'device': 'y', 'command': 'sync_belt_push'}}
01/10/2023 05:40:16 PM daemon.py[line:1766]INFO - [0, 0, 0, 0, 0, 1]
01/10/2023 05:40:16 PM daemon.py[line:1783]INFO - cmd -> b'B,PUSH,41|10,01_00_00_00_00_00,\x18\x8em\xcd'
01/10/2023 05:40:16 PM rcomm.py[line:233]DEBUG - flush Y
01/10/2023 05:40:17 PM rcomm.py[line:164]INFO - read: Y
01/10/2023 05:40:17 PM rcomm.py[line:168]INFO - data -> b'B,push,timeout,),\xfb\x10'
01/10/2023 05:40:17 PM daemon.py[line:1787]INFO - r--->b'B,push,timeout,),\xfb\x10'
01/10/2023 05:40:17 PM daemon.py[line:1795]INFO - list-->[b'B', b'push', b'timeout', b')', b'\xfb\x10']
01/10/2023 05:40:17 PM daemon.py[line:1809]INFO - motor run err num [405]
01/10/2023 05:40:17 PM daemon.py[line:176]DEBUG - send_json -> {'rep': {'device': 'y', 'result': 'error', 'meta': [405]}}
01/10/2023 05:40:25 PM daemon.py[line:156]INFO - gui msg: {'req': {'cabinet': '2', 'slots': [{'stop_delay': 10, 'slot_no': '405'}], 'device': 'y', 'command': 'sync_belt_push'}}
01/10/2023 05:40:25 PM daemon.py[line:1766]INFO - [0, 0, 0, 0, 0, 1]
01/10/2023 05:40:25 PM daemon.py[line:1783]INFO - cmd -> b'B,PUSH,41|10,01_00_00_00_00_00,\x18\x8em\xcd'
01/10/2023 05:40:25 PM rcomm.py[line:233]DEBUG - flush Y
01/10/2023 05:40:26 PM rcomm.py[line:164]INFO - read: Y
01/10/2023 05:40:26 PM rcomm.py[line:168]INFO - data -> b'B,push,timeout,),\xfb\x10'
01/10/2023 05:40:26 PM daemon.py[line:1787]INFO - r--->b'B,push,timeout,),\xfb\x10'
01/10/2023 05:40:26 PM daemon.py[line:1795]INFO - list-->[b'B', b'push', b'timeout', b')', b'\xfb\x10']
01/10/2023 05:40:26 PM daemon.py[line:1809]INFO - motor run err num [405]
01/10/2023 05:40:26 PM daemon.py[line:176]DEBUG - send_json -> {'rep': {'device': 'y', 'result': 'error', 'meta': [405]}}
01/10/2023 05:40:39 PM daemon.py[line:156]INFO - gui msg: {'req': {'cabinet': '2', 'slots': [{'stop_delay': 10, 'slot_no': '405'}], 'device': 'y', 'command': 'sync_belt_push'}}
01/10/2023 05:40:39 PM daemon.py[line:1766]INFO - [0, 0, 0, 0, 0, 1]
01/10/2023 05:40:39 PM daemon.py[line:1783]INFO - cmd -> b'B,PUSH,41|10,01_00_00_00_00_00,\x18\x8em\xcd'
01/10/2023 05:40:39 PM rcomm.py[line:233]DEBUG - flush Y
01/10/2023 05:40:40 PM rcomm.py[line:164]INFO - read: Y
01/10/2023 05:40:40 PM rcomm.py[line:168]INFO - data -> b'B,push,timeout,),\xfb\x10'
01/10/2023 05:40:40 PM daemon.py[line:1787]INFO - r--->b'B,push,timeout,),\xfb\x10'
01/10/2023 05:40:40 PM daemon.py[line:1795]INFO - list-->[b'B', b'push', b'timeout', b')', b'\xfb\x10']
01/10/2023 05:40:40 PM daemon.py[line:1809]INFO - motor run err num [405]
01/10/2023 05:40:40 PM daemon.py[line:176]DEBUG - send_json -> {'rep': {'device': 'y', 'result': 'error', 'meta': [405]}}
01/10/2023 05:40:45 PM daemon.py[line:156]INFO - gui msg: {'req': {'cabinet': '2', 'slots': [{'stop_delay': 10, 'slot_no': '405'}], 'device': 'y', 'command': 'sync_belt_push'}}
01/10/2023 05:40:45 PM daemon.py[line:1766]INFO - [0, 0, 0, 0, 0, 1]
01/10/2023 05:40:45 PM daemon.py[line:1783]INFO - cmd -> b'B,PUSH,41|10,01_00_00_00_00_00,\x18\x8em\xcd'
01/10/2023 05:40:45 PM rcomm.py[line:233]DEBUG - flush Y
01/10/2023 05:40:46 PM rcomm.py[line:164]INFO - read: Y
01/10/2023 05:40:46 PM rcomm.py[line:168]INFO - data -> b'B,push,timeout,),\xfb\x10'
01/10/2023 05:40:46 PM daemon.py[line:1787]INFO - r--->b'B,push,timeout,),\xfb\x10'
01/10/2023 05:40:46 PM daemon.py[line:1795]INFO - list-->[b'B', b'push', b'timeout', b')', b'\xfb\x10']
01/10/2023 05:40:46 PM daemon.py[line:1809]INFO - motor run err num [405]
01/10/2023 05:40:46 PM daemon.py[line:176]DEBUG - send_json -> {'rep': {'device': 'y', 'result': 'error', 'meta': [405]}}
01/10/2023 05:40:50 PM daemon.py[line:156]INFO - gui msg: {'req': {'cabinet': '2', 'slots': [{'stop_delay': 10, 'slot_no': '405'}], 'device': 'y', 'command': 'sync_belt_push'}}
01/10/2023 05:40:50 PM daemon.py[line:1766]INFO - [0, 0, 0, 0, 0, 1]
01/10/2023 05:40:50 PM daemon.py[line:1783]INFO - cmd -> b'B,PUSH,41|10,01_00_00_00_00_00,\x18\x8em\xcd'
01/10/2023 05:40:50 PM rcomm.py[line:233]DEBUG - flush Y
01/10/2023 05:40:51 PM rcomm.py[line:164]INFO - read: Y
01/10/2023 05:40:52 PM rcomm.py[line:168]INFO - data -> b'B,push,timeout,),\xfb\x10'
01/10/2023 05:40:52 PM daemon.py[line:1787]INFO - r--->b'B,push,timeout,),\xfb\x10'
01/10/2023 05:40:52 PM daemon.py[line:1795]INFO - list-->[b'B', b'push', b'timeout', b')', b'\xfb\x10']
01/10/2023 05:40:52 PM daemon.py[line:1809]INFO - motor run err num [405]
01/10/2023 05:40:52 PM daemon.py[line:176]DEBUG - send_json -> {'rep': {'device': 'y', 'result': 'error', 'meta': [405]}}
01/10/2023 05:40:53 PM daemon.py[line:156]INFO - gui msg: {'req': {'cabinet': '2', 'slots': [{'stop_delay': 10, 'slot_no': '405'}], 'device': 'y', 'command': 'sync_belt_push'}}
01/10/2023 05:40:53 PM daemon.py[line:1766]INFO - [0, 0, 0, 0, 0, 1]
01/10/2023 05:40:53 PM daemon.py[line:1783]INFO - cmd -> b'B,PUSH,41|10,01_00_00_00_00_00,\x18\x8em\xcd'
01/10/2023 05:40:53 PM rcomm.py[line:233]DEBUG - flush Y
01/10/2023 05:40:54 PM rcomm.py[line:164]INFO - read: Y
01/10/2023 05:40:54 PM rcomm.py[line:168]INFO - data -> b'B,push,timeout,),\xfb\x10'
01/10/2023 05:40:54 PM daemon.py[line:1787]INFO - r--->b'B,push,timeout,),\xfb\x10'
01/10/2023 05:40:54 PM daemon.py[line:1795]INFO - list-->[b'B', b'push', b'timeout', b')', b'\xfb\x10']
01/10/2023 05:40:54 PM daemon.py[line:1809]INFO - motor run err num [405]
01/10/2023 05:40:54 PM daemon.py[line:176]DEBUG - send_json -> {'rep': {'device': 'y', 'result': 'error', 'meta': [405]}}
01/10/2023 05:40:55 PM daemon.py[line:156]INFO - gui msg: {'req': {'cabinet': '2', 'slots': [{'stop_delay': 10, 'slot_no': '401'}], 'device': 'y', 'command': 'sync_belt_push'}}
01/10/2023 05:40:55 PM daemon.py[line:1766]INFO - [0, 0, 0, 0, 16, 0]
01/10/2023 05:40:55 PM daemon.py[line:1783]INFO - cmd -> b'B,PUSH,37|10,00_10_00_00_00_00,t\xd3\xfa`'
01/10/2023 05:40:55 PM rcomm.py[line:233]DEBUG - flush Y
01/10/2023 05:40:56 PM rcomm.py[line:164]INFO - read: Y
01/10/2023 05:40:56 PM rcomm.py[line:168]INFO - data -> b'B,push,timeout,%,\x00r'
01/10/2023 05:40:56 PM daemon.py[line:1787]INFO - r--->b'B,push,timeout,%,\x00r'
01/10/2023 05:40:56 PM daemon.py[line:1795]INFO - list-->[b'B', b'push', b'timeout', b'%', b'\x00r']
01/10/2023 05:40:56 PM daemon.py[line:1809]INFO - motor run err num [401]
01/10/2023 05:40:56 PM daemon.py[line:176]DEBUG - send_json -> {'rep': {'device': 'y', 'result': 'error', 'meta': [401]}}
01/10/2023 05:41:01 PM daemon.py[line:156]INFO - gui msg: {'req': {'cabinet': '2', 'slots': [{'stop_delay': 10, 'slot_no': '401'}], 'device': 'y', 'command': 'sync_belt_push'}}
01/10/2023 05:41:01 PM daemon.py[line:1766]INFO - [0, 0, 0, 0, 16, 0]
01/10/2023 05:41:01 PM daemon.py[line:1783]INFO - cmd -> b'B,PUSH,37|10,00_10_00_00_00_00,t\xd3\xfa`'
01/10/2023 05:41:01 PM rcomm.py[line:233]DEBUG - flush Y
01/10/2023 05:41:02 PM rcomm.py[line:164]INFO - read: Y
01/10/2023 05:41:02 PM rcomm.py[line:168]INFO - data -> b'B,push,timeout,%,\x00r'
01/10/2023 05:41:02 PM daemon.py[line:1787]INFO - r--->b'B,push,timeout,%,\x00r'
01/10/2023 05:41:02 PM daemon.py[line:1795]INFO - list-->[b'B', b'push', b'timeout', b'%', b'\x00r']
01/10/2023 05:41:02 PM daemon.py[line:1809]INFO - motor run err num [401]
01/10/2023 05:41:02 PM daemon.py[line:176]DEBUG - send_json -> {'rep': {'device': 'y', 'result': 'error', 'meta': [401]}}
01/10/2023 05:41:12 PM daemon.py[line:156]INFO - gui msg: {'req': {'cabinet': '2', 'slots': [{'stop_delay': 10, 'slot_no': '405'}], 'device': 'y', 'command': 'sync_belt_push'}}
01/10/2023 05:41:12 PM daemon.py[line:1766]INFO - [0, 0, 0, 0, 0, 1]
01/10/2023 05:41:12 PM daemon.py[line:1783]INFO - cmd -> b'B,PUSH,41|10,01_00_00_00_00_00,\x18\x8em\xcd'
01/10/2023 05:41:12 PM rcomm.py[line:233]DEBUG - flush Y
01/10/2023 05:41:13 PM rcomm.py[line:164]INFO - read: Y
01/10/2023 05:41:13 PM rcomm.py[line:168]INFO - data -> b'B,push,timeout,),\xfb\x10'
01/10/2023 05:41:13 PM daemon.py[line:1787]INFO - r--->b'B,push,timeout,),\xfb\x10'
01/10/2023 05:41:13 PM daemon.py[line:1795]INFO - list-->[b'B', b'push', b'timeout', b')', b'\xfb\x10']
01/10/2023 05:41:13 PM daemon.py[line:1809]INFO - motor run err num [405]
01/10/2023 05:41:13 PM daemon.py[line:176]DEBUG - send_json -> {'rep': {'device': 'y', 'result': 'error', 'meta': [405]}}
01/10/2023 05:41:18 PM daemon.py[line:156]INFO - gui msg: {'req': {'cabinet': '2', 'slots': [{'stop_delay': 10, 'slot_no': '405'}], 'device': 'y', 'command': 'sync_belt_push'}}
01/10/2023 05:41:18 PM daemon.py[line:1766]INFO - [0, 0, 0, 0, 0, 1]
01/10/2023 05:41:18 PM daemon.py[line:1783]INFO - cmd -> b'B,PUSH,41|10,01_00_00_00_00_00,\x18\x8em\xcd'
01/10/2023 05:41:18 PM rcomm.py[line:233]DEBUG - flush Y
01/10/2023 05:41:19 PM rcomm.py[line:164]INFO - read: Y
01/10/2023 05:41:19 PM rcomm.py[line:168]INFO - data -> b'B,push,timeout,),\xfb\x10'
01/10/2023 05:41:19 PM daemon.py[line:1787]INFO - r--->b'B,push,timeout,),\xfb\x10'
01/10/2023 05:41:19 PM daemon.py[line:1795]INFO - list-->[b'B', b'push', b'timeout', b')', b'\xfb\x10']
01/10/2023 05:41:19 PM daemon.py[line:1809]INFO - motor run err num [405]
01/10/2023 05:41:19 PM daemon.py[line:176]DEBUG - send_json -> {'rep': {'device': 'y', 'result': 'error', 'meta': [405]}}
01/10/2023 05:41:20 PM daemon.py[line:156]INFO - gui msg: {'req': {'cabinet': '2', 'slots': [{'stop_delay': 10, 'slot_no': '405'}], 'device': 'y', 'command': 'sync_belt_push'}}
01/10/2023 05:41:20 PM daemon.py[line:1766]INFO - [0, 0, 0, 0, 0, 1]
01/10/2023 05:41:20 PM daemon.py[line:1783]INFO - cmd -> b'B,PUSH,41|10,01_00_00_00_00_00,\x18\x8em\xcd'
01/10/2023 05:41:20 PM rcomm.py[line:233]DEBUG - flush Y
01/10/2023 05:41:21 PM rcomm.py[line:164]INFO - read: Y
01/10/2023 05:41:21 PM rcomm.py[line:168]INFO - data -> b'B,push,timeout,),\xfb\x10'
01/10/2023 05:41:21 PM daemon.py[line:1787]INFO - r--->b'B,push,timeout,),\xfb\x10'
01/10/2023 05:41:21 PM daemon.py[line:1795]INFO - list-->[b'B', b'push', b'timeout', b')', b'\xfb\x10']
01/10/2023 05:41:21 PM daemon.py[line:1809]INFO - motor run err num [405]
01/10/2023 05:41:21 PM daemon.py[line:176]DEBUG - send_json -> {'rep': {'device': 'y', 'result': 'error', 'meta': [405]}}
01/10/2023 05:41:21 PM daemon.py[line:156]INFO - gui msg: {'req': {'cabinet': '2', 'slots': [{'stop_delay': 10, 'slot_no': '405'}], 'device': 'y', 'command': 'sync_belt_push'}}
01/10/2023 05:41:21 PM daemon.py[line:1766]INFO - [0, 0, 0, 0, 0, 1]
01/10/2023 05:41:21 PM daemon.py[line:1783]INFO - cmd -> b'B,PUSH,41|10,01_00_00_00_00_00,\x18\x8em\xcd'
01/10/2023 05:41:21 PM rcomm.py[line:233]DEBUG - flush Y
01/10/2023 05:41:22 PM rcomm.py[line:164]INFO - read: Y
01/10/2023 05:41:22 PM rcomm.py[line:168]INFO - data -> b'B,push,timeout,),\xfb\x10'
01/10/2023 05:41:22 PM daemon.py[line:1787]INFO - r--->b'B,push,timeout,),\xfb\x10'
01/10/2023 05:41:22 PM daemon.py[line:1795]INFO - list-->[b'B', b'push', b'timeout', b')', b'\xfb\x10']
01/10/2023 05:41:22 PM daemon.py[line:1809]INFO - motor run err num [405]
01/10/2023 05:41:22 PM daemon.py[line:176]DEBUG - send_json -> {'rep': {'device': 'y', 'result': 'error', 'meta': [405]}}
01/10/2023 05:41:23 PM daemon.py[line:156]INFO - gui msg: {'req': {'cabinet': '2', 'slots': [{'stop_delay': 10, 'slot_no': '405'}], 'device': 'y', 'command': 'sync_belt_push'}}
01/10/2023 05:41:23 PM daemon.py[line:1766]INFO - [0, 0, 0, 0, 0, 1]
01/10/2023 05:41:23 PM daemon.py[line:1783]INFO - cmd -> b'B,PUSH,41|10,01_00_00_00_00_00,\x18\x8em\xcd'
01/10/2023 05:41:23 PM rcomm.py[line:233]DEBUG - flush Y
01/10/2023 05:41:24 PM rcomm.py[line:164]INFO - read: Y
01/10/2023 05:41:24 PM rcomm.py[line:168]INFO - data -> b'B,push,timeout,),\xfb\x10'
01/10/2023 05:41:24 PM daemon.py[line:1787]INFO - r--->b'B,push,timeout,),\xfb\x10'
01/10/2023 05:41:24 PM daemon.py[line:1795]INFO - list-->[b'B', b'push', b'timeout', b')', b'\xfb\x10']
01/10/2023 05:41:24 PM daemon.py[line:1809]INFO - motor run err num [405]
01/10/2023 05:41:24 PM daemon.py[line:176]DEBUG - send_json -> {'rep': {'device': 'y', 'result': 'error', 'meta': [405]}}
01/10/2023 05:42:20 PM daemon.py[line:156]INFO - gui msg: {'req': {'cabinet': '2', 'slots': [{'stop_delay': 10, 'slot_no': '405'}], 'device': 'y', 'command': 'sync_belt_push'}}
01/10/2023 05:42:20 PM daemon.py[line:1766]INFO - [0, 0, 0, 0, 0, 1]
01/10/2023 05:42:20 PM daemon.py[line:1783]INFO - cmd -> b'B,PUSH,41|10,01_00_00_00_00_00,\x18\x8em\xcd'
01/10/2023 05:42:20 PM rcomm.py[line:233]DEBUG - flush Y
01/10/2023 05:42:21 PM rcomm.py[line:164]INFO - read: Y
01/10/2023 05:42:21 PM rcomm.py[line:168]INFO - data -> b'B,push,timeout,),\xfb\x10'
01/10/2023 05:42:21 PM daemon.py[line:1787]INFO - r--->b'B,push,timeout,),\xfb\x10'
01/10/2023 05:42:21 PM daemon.py[line:1795]INFO - list-->[b'B', b'push', b'timeout', b')', b'\xfb\x10']
01/10/2023 05:42:21 PM daemon.py[line:1809]INFO - motor run err num [405]
01/10/2023 05:42:21 PM daemon.py[line:176]DEBUG - send_json -> {'rep': {'device': 'y', 'result': 'error', 'meta': [405]}}
01/10/2023 05:44:34 PM serv.py[line:47]INFO - serv heatbeat
01/10/2023 05:45:20 PM daemon.py[line:156]INFO - gui msg: {'req': {'cabinet': '2', 'slots': [{'stop_delay': 10, 'slot_no': '405'}], 'device': 'y', 'command': 'sync_belt_push'}}
01/10/2023 05:45:20 PM daemon.py[line:1766]INFO - [0, 0, 0, 0, 0, 1]
01/10/2023 05:45:20 PM daemon.py[line:1783]INFO - cmd -> b'B,PUSH,41|10,01_00_00_00_00_00,\x18\x8em\xcd'
01/10/2023 05:45:20 PM rcomm.py[line:233]DEBUG - flush Y
01/10/2023 05:45:21 PM rcomm.py[line:164]INFO - read: Y
01/10/2023 05:45:21 PM rcomm.py[line:168]INFO - data -> b'B,push,timeout,),\xfb\x10'
01/10/2023 05:45:21 PM daemon.py[line:1787]INFO - r--->b'B,push,timeout,),\xfb\x10'
01/10/2023 05:45:21 PM daemon.py[line:1795]INFO - list-->[b'B', b'push', b'timeout', b')', b'\xfb\x10']
01/10/2023 05:45:21 PM daemon.py[line:1809]INFO - motor run err num [405]
01/10/2023 05:45:21 PM daemon.py[line:176]DEBUG - send_json -> {'rep': {'device': 'y', 'result': 'error', 'meta': [405]}}
01/10/2023 05:45:29 PM daemon.py[line:156]INFO - gui msg: {'req': {'cabinet': '2', 'slots': [{'stop_delay': 10, 'slot_no': '406'}], 'device': 'y', 'command': 'sync_belt_push'}}
01/10/2023 05:45:29 PM daemon.py[line:1766]INFO - [0, 0, 0, 0, 0, 2]
01/10/2023 05:45:29 PM daemon.py[line:1783]INFO - cmd -> b'B,PUSH,42|10,02_00_00_00_00_00,\xbdZO\x97'
01/10/2023 05:45:29 PM rcomm.py[line:233]DEBUG - flush Y
01/10/2023 05:45:31 PM rcomm.py[line:164]INFO - read: Y
01/10/2023 05:45:31 PM rcomm.py[line:168]INFO - data -> b'B,push,timeout,*,(O'
01/10/2023 05:45:31 PM daemon.py[line:1787]INFO - r--->b'B,push,timeout,*,(O'
01/10/2023 05:45:31 PM daemon.py[line:1795]INFO - list-->[b'B', b'push', b'timeout', b'*', b'(O']
01/10/2023 05:45:31 PM daemon.py[line:1809]INFO - motor run err num [406]
01/10/2023 05:45:31 PM daemon.py[line:176]DEBUG - send_json -> {'rep': {'device': 'y', 'result': 'error', 'meta': [406]}}
01/10/2023 05:45:38 PM daemon.py[line:156]INFO - gui msg: {'req': {'cabinet': '2', 'slots': [{'stop_delay': 10, 'slot_no': '407'}], 'device': 'y', 'command': 'sync_belt_push'}}
01/10/2023 05:45:38 PM daemon.py[line:1766]INFO - [0, 0, 0, 0, 0, 4]
01/10/2023 05:45:38 PM daemon.py[line:1783]INFO - cmd -> b'B,PUSH,43|10,04_00_00_00_00_00,|\x8e\x91\xbd'
01/10/2023 05:45:38 PM rcomm.py[line:233]DEBUG - flush Y
01/10/2023 05:45:39 PM rcomm.py[line:164]INFO - read: Y
01/10/2023 05:45:39 PM rcomm.py[line:168]INFO - data -> b'B,push,timeout,+,\xf4\x8e'
01/10/2023 05:45:39 PM daemon.py[line:1787]INFO - r--->b'B,push,timeout,+,\xf4\x8e'
01/10/2023 05:45:39 PM daemon.py[line:1795]INFO - list-->[b'B', b'push', b'timeout', b'+', b'\xf4\x8e']
01/10/2023 05:45:39 PM daemon.py[line:1809]INFO - motor run err num [407]
01/10/2023 05:45:39 PM daemon.py[line:176]DEBUG - send_json -> {'rep': {'device': 'y', 'result': 'error', 'meta': [407]}}
01/10/2023 05:45:49 PM daemon.py[line:156]INFO - gui msg: {'req': {'cabinet': '2', 'slots': [{'stop_delay': 10, 'slot_no': '407'}], 'device': 'y', 'command': 'sync_belt_push'}}
01/10/2023 05:45:49 PM daemon.py[line:1766]INFO - [0, 0, 0, 0, 0, 4]
01/10/2023 05:45:49 PM daemon.py[line:1783]INFO - cmd -> b'B,PUSH,43|10,04_00_00_00_00_00,|\x8e\x91\xbd'
01/10/2023 05:45:49 PM rcomm.py[line:233]DEBUG - flush Y
01/10/2023 05:45:50 PM rcomm.py[line:164]INFO - read: Y
01/10/2023 05:45:50 PM rcomm.py[line:168]INFO - data -> b'B,push,timeout,+,\xf4\x8e'
01/10/2023 05:45:50 PM daemon.py[line:1787]INFO - r--->b'B,push,timeout,+,\xf4\x8e'
01/10/2023 05:45:50 PM daemon.py[line:1795]INFO - list-->[b'B', b'push', b'timeout', b'+', b'\xf4\x8e']
01/10/2023 05:45:50 PM daemon.py[line:1809]INFO - motor run err num [407]
01/10/2023 05:45:50 PM daemon.py[line:176]DEBUG - send_json -> {'rep': {'device': 'y', 'result': 'error', 'meta': [407]}}
01/10/2023 05:54:34 PM serv.py[line:47]INFO - serv heatbeat
01/10/2023 06:04:01 PM daemon.py[line:156]INFO - gui msg: {'req': {'cabinet': '2', 'slots': [{'stop_delay': 10, 'slot_no': '101'}], 'device': 'y', 'command': 'sync_belt_push'}}
01/10/2023 06:04:01 PM daemon.py[line:1766]INFO - [1, 0, 0, 0, 0, 0]
01/10/2023 06:04:01 PM daemon.py[line:1783]INFO - cmd -> b'B,PUSH,1|10,00_00_00_00_00_01,b\x8d\xd5\xbf'
01/10/2023 06:04:01 PM rcomm.py[line:233]DEBUG - flush Y
01/10/2023 06:04:02 PM rcomm.py[line:164]INFO - read: Y
01/10/2023 06:04:02 PM rcomm.py[line:168]INFO - data -> b'B,push,timeout,\x01,\x8fe'
01/10/2023 06:04:02 PM daemon.py[line:1787]INFO - r--->b'B,push,timeout,\x01,\x8fe'
01/10/2023 06:04:02 PM daemon.py[line:1795]INFO - list-->[b'B', b'push', b'timeout', b'\x01', b'\x8fe']
01/10/2023 06:04:02 PM daemon.py[line:1809]INFO - motor run err num [101]
01/10/2023 06:04:02 PM daemon.py[line:176]DEBUG - send_json -> {'rep': {'device': 'y', 'result': 'error', 'meta': [101]}}
01/10/2023 06:04:03 PM daemon.py[line:156]INFO - gui msg: {'req': {'cabinet': '2', 'slots': [{'stop_delay': 10, 'slot_no': '101'}], 'device': 'y', 'command': 'sync_belt_push'}}
01/10/2023 06:04:03 PM daemon.py[line:1766]INFO - [1, 0, 0, 0, 0, 0]
01/10/2023 06:04:03 PM daemon.py[line:1783]INFO - cmd -> b'B,PUSH,1|10,00_00_00_00_00_01,b\x8d\xd5\xbf'
01/10/2023 06:04:03 PM rcomm.py[line:233]DEBUG - flush Y
01/10/2023 06:04:04 PM rcomm.py[line:164]INFO - read: Y
01/10/2023 06:04:04 PM rcomm.py[line:168]INFO - data -> b'B,push,timeout,\x01,\x8fe'
01/10/2023 06:04:04 PM daemon.py[line:1787]INFO - r--->b'B,push,timeout,\x01,\x8fe'
01/10/2023 06:04:04 PM daemon.py[line:1795]INFO - list-->[b'B', b'push', b'timeout', b'\x01', b'\x8fe']
01/10/2023 06:04:04 PM daemon.py[line:1809]INFO - motor run err num [101]
01/10/2023 06:04:04 PM daemon.py[line:176]DEBUG - send_json -> {'rep': {'device': 'y', 'result': 'error', 'meta': [101]}}
01/10/2023 06:04:34 PM serv.py[line:47]INFO - serv heatbeat
01/10/2023 06:04:42 PM daemon.py[line:156]INFO - gui msg: {'req': {'cabinet': '2', 'slots': [{'stop_delay': 10, 'slot_no': '101'}], 'device': 'y', 'command': 'sync_belt_push'}}
01/10/2023 06:04:42 PM daemon.py[line:1766]INFO - [1, 0, 0, 0, 0, 0]
01/10/2023 06:04:42 PM daemon.py[line:1783]INFO - cmd -> b'B,PUSH,1|10,00_00_00_00_00_01,b\x8d\xd5\xbf'
01/10/2023 06:04:42 PM rcomm.py[line:233]DEBUG - flush Y
01/10/2023 06:04:43 PM rcomm.py[line:164]INFO - read: Y
01/10/2023 06:04:43 PM rcomm.py[line:168]INFO - data -> b'B,push,timeout,\x01,\x8fe'
01/10/2023 06:04:43 PM daemon.py[line:1787]INFO - r--->b'B,push,timeout,\x01,\x8fe'
01/10/2023 06:04:43 PM daemon.py[line:1795]INFO - list-->[b'B', b'push', b'timeout', b'\x01', b'\x8fe']
01/10/2023 06:04:43 PM daemon.py[line:1809]INFO - motor run err num [101]
01/10/2023 06:04:43 PM daemon.py[line:176]DEBUG - send_json -> {'rep': {'device': 'y', 'result': 'error', 'meta': [101]}}
01/10/2023 06:04:50 PM daemon.py[line:156]INFO - gui msg: {'req': {'cabinet': '2', 'slots': [{'stop_delay': 10, 'slot_no': '101'}], 'device': 'y', 'command': 'sync_belt_push'}}
01/10/2023 06:04:50 PM daemon.py[line:1766]INFO - [1, 0, 0, 0, 0, 0]
01/10/2023 06:04:50 PM daemon.py[line:1783]INFO - cmd -> b'B,PUSH,1|10,00_00_00_00_00_01,b\x8d\xd5\xbf'
01/10/2023 06:04:50 PM rcomm.py[line:233]DEBUG - flush Y
01/10/2023 06:04:51 PM rcomm.py[line:164]INFO - read: Y
01/10/2023 06:04:51 PM rcomm.py[line:168]INFO - data -> b'B,push,timeout,\x01,\x8fe'
01/10/2023 06:04:51 PM daemon.py[line:1787]INFO - r--->b'B,push,timeout,\x01,\x8fe'
01/10/2023 06:04:51 PM daemon.py[line:1795]INFO - list-->[b'B', b'push', b'timeout', b'\x01', b'\x8fe']
01/10/2023 06:04:51 PM daemon.py[line:1809]INFO - motor run err num [101]
01/10/2023 06:04:51 PM daemon.py[line:176]DEBUG - send_json -> {'rep': {'device': 'y', 'result': 'error', 'meta': [101]}}
01/10/2023 06:05:11 PM daemon.py[line:156]INFO - gui msg: {'req': {'cabinet': '2', 'slots': [{'stop_delay': 10, 'slot_no': '102'}], 'device': 'y', 'command': 'sync_belt_push'}}
01/10/2023 06:05:11 PM daemon.py[line:1766]INFO - [2, 0, 0, 0, 0, 0]
01/10/2023 06:05:11 PM daemon.py[line:1783]INFO - cmd -> b'B,PUSH,2|10,00_00_00_00_00_02,\xe4\xb6\x93\x8d'
01/10/2023 06:05:11 PM rcomm.py[line:233]DEBUG - flush Y
01/10/2023 06:05:12 PM rcomm.py[line:164]INFO - read: Y
01/10/2023 06:05:12 PM rcomm.py[line:168]INFO - data -> b'B,push,timeout,\x02,\\:'
01/10/2023 06:05:12 PM daemon.py[line:1787]INFO - r--->b'B,push,timeout,\x02,\\:'
01/10/2023 06:05:12 PM daemon.py[line:1795]INFO - list-->[b'B', b'push', b'timeout', b'\x02', b'\\:']
01/10/2023 06:05:12 PM daemon.py[line:1809]INFO - motor run err num [102]
01/10/2023 06:05:12 PM daemon.py[line:176]DEBUG - send_json -> {'rep': {'device': 'y', 'result': 'error', 'meta': [102]}}
01/10/2023 06:05:16 PM daemon.py[line:156]INFO - gui msg: {'req': {'cabinet': '2', 'slots': [{'stop_delay': 10, 'slot_no': '101'}], 'device': 'y', 'command': 'sync_belt_push'}}
01/10/2023 06:05:16 PM daemon.py[line:1766]INFO - [1, 0, 0, 0, 0, 0]
01/10/2023 06:05:16 PM daemon.py[line:1783]INFO - cmd -> b'B,PUSH,1|10,00_00_00_00_00_01,b\x8d\xd5\xbf'
01/10/2023 06:05:16 PM rcomm.py[line:233]DEBUG - flush Y
01/10/2023 06:05:17 PM rcomm.py[line:164]INFO - read: Y
01/10/2023 06:05:17 PM rcomm.py[line:168]INFO - data -> b'B,push,timeout,\x01,\x8fe'
01/10/2023 06:05:17 PM daemon.py[line:1787]INFO - r--->b'B,push,timeout,\x01,\x8fe'
01/10/2023 06:05:17 PM daemon.py[line:1795]INFO - list-->[b'B', b'push', b'timeout', b'\x01', b'\x8fe']
01/10/2023 06:05:17 PM daemon.py[line:1809]INFO - motor run err num [101]
01/10/2023 06:05:17 PM daemon.py[line:176]DEBUG - send_json -> {'rep': {'device': 'y', 'result': 'error', 'meta': [101]}}
01/10/2023 06:05:40 PM daemon.py[line:156]INFO - gui msg: {'req': {'cabinet': '2', 'slots': [{'stop_delay': 10, 'slot_no': '101'}], 'device': 'y', 'command': 'sync_belt_push'}}
01/10/2023 06:05:40 PM daemon.py[line:1766]INFO - [1, 0, 0, 0, 0, 0]
01/10/2023 06:05:40 PM daemon.py[line:1783]INFO - cmd -> b'B,PUSH,1|10,00_00_00_00_00_01,b\x8d\xd5\xbf'
01/10/2023 06:05:40 PM rcomm.py[line:233]DEBUG - flush Y
01/10/2023 06:05:41 PM rcomm.py[line:164]INFO - read: Y
01/10/2023 06:05:41 PM rcomm.py[line:168]INFO - data -> b'B,push,timeout,\x01,\x8fe'
01/10/2023 06:05:41 PM daemon.py[line:1787]INFO - r--->b'B,push,timeout,\x01,\x8fe'
01/10/2023 06:05:41 PM daemon.py[line:1795]INFO - list-->[b'B', b'push', b'timeout', b'\x01', b'\x8fe']
01/10/2023 06:05:41 PM daemon.py[line:1809]INFO - motor run err num [101]
01/10/2023 06:05:41 PM daemon.py[line:176]DEBUG - send_json -> {'rep': {'device': 'y', 'result': 'error', 'meta': [101]}}
01/10/2023 06:05:42 PM daemon.py[line:156]INFO - gui msg: {'req': {'cabinet': '2', 'slots': [{'stop_delay': 10, 'slot_no': '101'}], 'device': 'y', 'command': 'sync_belt_push'}}
01/10/2023 06:05:42 PM daemon.py[line:1766]INFO - [1, 0, 0, 0, 0, 0]
01/10/2023 06:05:42 PM daemon.py[line:1783]INFO - cmd -> b'B,PUSH,1|10,00_00_00_00_00_01,b\x8d\xd5\xbf'
01/10/2023 06:05:42 PM rcomm.py[line:233]DEBUG - flush Y
01/10/2023 06:05:43 PM rcomm.py[line:164]INFO - read: Y
01/10/2023 06:05:43 PM rcomm.py[line:168]INFO - data -> b'B,push,timeout,\x01,\x8fe'
01/10/2023 06:05:43 PM daemon.py[line:1787]INFO - r--->b'B,push,timeout,\x01,\x8fe'
01/10/2023 06:05:43 PM daemon.py[line:1795]INFO - list-->[b'B', b'push', b'timeout', b'\x01', b'\x8fe']
01/10/2023 06:05:43 PM daemon.py[line:1809]INFO - motor run err num [101]
01/10/2023 06:05:43 PM daemon.py[line:176]DEBUG - send_json -> {'rep': {'device': 'y', 'result': 'error', 'meta': [101]}}
01/10/2023 06:08:29 PM daemon.py[line:156]INFO - gui msg: {'req': {'cabinet': '2', 'slots': [{'stop_delay': 10, 'slot_no': '101'}], 'device': 'y', 'command': 'sync_belt_push'}}
01/10/2023 06:08:29 PM daemon.py[line:1766]INFO - [1, 0, 0, 0, 0, 0]
01/10/2023 06:08:29 PM daemon.py[line:1783]INFO - cmd -> b'B,PUSH,1|10,00_00_00_00_00_01,b\x8d\xd5\xbf'
01/10/2023 06:08:29 PM rcomm.py[line:233]DEBUG - flush Y
01/10/2023 06:08:30 PM rcomm.py[line:164]INFO - read: Y
01/10/2023 06:08:30 PM rcomm.py[line:168]INFO - data -> b'B,push,timeout,\x01,\x8fe'
01/10/2023 06:08:30 PM daemon.py[line:1787]INFO - r--->b'B,push,timeout,\x01,\x8fe'
01/10/2023 06:08:30 PM daemon.py[line:1795]INFO - list-->[b'B', b'push', b'timeout', b'\x01', b'\x8fe']
01/10/2023 06:08:30 PM daemon.py[line:1809]INFO - motor run err num [101]
01/10/2023 06:08:30 PM daemon.py[line:176]DEBUG - send_json -> {'rep': {'device': 'y', 'result': 'error', 'meta': [101]}}
01/10/2023 06:08:32 PM daemon.py[line:156]INFO - gui msg: {'req': {'cabinet': '2', 'slots': [{'stop_delay': 10, 'slot_no': '102'}], 'device': 'y', 'command': 'sync_belt_push'}}
01/10/2023 06:08:32 PM daemon.py[line:1766]INFO - [2, 0, 0, 0, 0, 0]
01/10/2023 06:08:32 PM daemon.py[line:1783]INFO - cmd -> b'B,PUSH,2|10,00_00_00_00_00_02,\xe4\xb6\x93\x8d'
01/10/2023 06:08:32 PM rcomm.py[line:233]DEBUG - flush Y
01/10/2023 06:08:33 PM rcomm.py[line:164]INFO - read: Y
01/10/2023 06:08:33 PM rcomm.py[line:168]INFO - data -> b'B,push,timeout,\x02,\\:'
01/10/2023 06:08:33 PM daemon.py[line:1787]INFO - r--->b'B,push,timeout,\x02,\\:'
01/10/2023 06:08:33 PM daemon.py[line:1795]INFO - list-->[b'B', b'push', b'timeout', b'\x02', b'\\:']
01/10/2023 06:08:33 PM daemon.py[line:1809]INFO - motor run err num [102]
01/10/2023 06:08:33 PM daemon.py[line:176]DEBUG - send_json -> {'rep': {'device': 'y', 'result': 'error', 'meta': [102]}}
01/10/2023 06:11:45 PM rcomm.py[line:164]INFO - read: Y
01/10/2023 06:11:45 PM rcomm.py[line:196]ERROR - failed to read dev: Y as [Errno 5] Input/output error
01/10/2023 06:11:45 PM rcomm.py[line:139]ERROR - failed to open device: Y as [Errno 2] could not open port /dev/serial/by-id/usb-FTDI_FT230X_Basic_UART_DK0B1WFE-if00-port0: [Errno 2] No such file or directory: '/dev/serial/by-id/usb-FTDI_FT230X_Basic_UART_DK0B1WFE-if00-port0'
01/10/2023 06:11:45 PM rcomm.py[line:139]ERROR - failed to open device: GRAVITY as [Errno 2] could not open port /dev/serial/by-id/usb-FTDI_FT230X_Basic_UART_DK0B1FIK-if00-port0: [Errno 2] No such file or directory: '/dev/serial/by-id/usb-FTDI_FT230X_Basic_UART_DK0B1FIK-if00-port0'
01/10/2023 06:11:45 PM rcomm.py[line:139]ERROR - failed to open device: SPRIN as [Errno 2] could not open port /dev/serial/by-id/usb-fusionRobotics_D1_b0001-if01-port0: [Errno 2] No such file or directory: '/dev/serial/by-id/usb-fusionRobotics_D1_b0001-if01-port0'
01/10/2023 06:11:45 PM rcomm.py[line:139]ERROR - failed to open device: DROP as [Errno 2] could not open port /dev/serial/by-id/usb-fusionRobotics_D1_b0001-if02-port0: [Errno 2] No such file or directory: '/dev/serial/by-id/usb-fusionRobotics_D1_b0001-if02-port0'
01/10/2023 06:11:45 PM rcomm.py[line:139]ERROR - failed to open device: AC as [Errno 2] could not open port /dev/serial/by-id/usb-fusionRobotics_D1_b0001-if03-port0: [Errno 2] No such file or directory: '/dev/serial/by-id/usb-fusionRobotics_D1_b0001-if03-port0'
01/10/2023 06:11:45 PM rcomm.py[line:139]ERROR - failed to open device: DROP1 as [Errno 2] could not open port /dev/serial/by-id/usb-fusionRobotics_D2_b0001-if00-port0: [Errno 2] No such file or directory: '/dev/serial/by-id/usb-fusionRobotics_D2_b0001-if00-port0'
01/10/2023 06:11:45 PM rcomm.py[line:139]ERROR - failed to open device: DROP2 as [Errno 2] could not open port /dev/serial/by-id/usb-fusionRobotics_D2_b0001-if01-port0: [Errno 2] No such file or directory: '/dev/serial/by-id/usb-fusionRobotics_D2_b0001-if01-port0'
01/10/2023 06:11:45 PM rcomm.py[line:139]ERROR - failed to open device: AC1 as [Errno 2] could not open port /dev/serial/by-id/usb-fusionRobotics_D2_b0001-if02-port0: [Errno 2] No such file or directory: '/dev/serial/by-id/usb-fusionRobotics_D2_b0001-if02-port0'
01/10/2023 06:11:45 PM rcomm.py[line:139]ERROR - failed to open device: AC2 as [Errno 2] could not open port /dev/serial/by-id/usb-fusionRobotics_D2_b0001-if03-port0: [Errno 2] No such file or directory: '/dev/serial/by-id/usb-fusionRobotics_D2_b0001-if03-port0'
01/10/2023 06:14:34 PM serv.py[line:47]INFO - serv heatbeat
01/10/2023 06:24:34 PM serv.py[line:47]INFO - serv heatbeat
01/10/2023 06:34:34 PM serv.py[line:47]INFO - serv heatbeat
01/11/2023 10:21:44 AM serv.py[line:47]INFO - serv heatbeat
